# Ran via 'prove -v t/codingstd/pod_description.t'[*]

[X] DONORS.pod
[X] README_cygwin.pod
[X] compilers/data_json/JSON_README.pod
[X] compilers/data_json/data_json.pir
[X] compilers/imcc/imcc.y
[ ] compilers/imcc/imcparser.c
[X] compilers/pct/README.pod
[X] compilers/pge/PGE.pir
[X] compilers/pge/PGE/Exp.pir
[X] compilers/pge/PGE/OPTable.pir
[X] compilers/pge/PGE/Perl6Regex.pir
[X] compilers/pge/README.pod
[X] compilers/tge/TGE/Compiler.pir
[X] compilers/tge/TGE/Grammar.pir
[X] compilers/tge/tgc.pir
[X] config/auto/llvm/hello.c
[X] docs/binaries/ops2c.pod
[X] docs/binaries/parrot-nqp.pod
[X] docs/binaries/parrot-prove.pod
[X] docs/binaries/parrot_nci_thunk_gen.pod
[X] docs/binaries/parrotbug.pod
[X] docs/binaries/pbc_to_exe.pod
[X] docs/binaries/plumage.pod
[X] docs/binaries/winxed.pod
[X] docs/compiler_faq.pod
[X] docs/debug.pod
[X] docs/deprecations/deprecations.pod
[X] docs/deprecations/deprecations_2_6.pod
[X] docs/deprecations/deprecations_2_9.pod
[X] docs/deprecations/deprecations_3_0.pod
[X] docs/deprecations/deprecations_3_3.pod
[X] docs/deprecations/deprecations_3_6.pod
[X] docs/deprecations/how_to_deprecate.pod
[X] docs/dev/byteorder.pod
[X] docs/dev/c_functions.pod
[X] docs/dev/coverage.pod
[X] docs/dev/debugging_with_msvc.pod
[X] docs/dev/headerizer.pod
[X] docs/dev/infant.pod
[X] docs/dev/longopt.pod
[X] docs/dev/parrot_api.pod
[X] docs/dev/pcc_methods.pod
[X] docs/dev/pcc_state.pod
[X] docs/dev/pmc_freeze.pod
[X] docs/dev/pmc_obj_design_meeting_notes.pod
[X] docs/extend.pod
[X] docs/faq.pod
[X] docs/gettingstarted.pod
[X] docs/glossary.pod
[X] docs/imcc/imcfaq.pod
[X] docs/intro.pod
[X] docs/memory_internals.pod
[X] docs/overview.pod
[X] docs/parrot.pod
[X] docs/parrotbyte.pod
[-] docs/pdds/draft/pdd01_overview.pod
[-] docs/pdds/draft/pdd05_opfunc.pod
[-] docs/pdds/draft/pdd06_pasm.pod
[-] docs/pdds/draft/pdd08_keys.pod
[-] docs/pdds/draft/pdd11_extending.pod
[-] docs/pdds/draft/pdd13_bytecode.pod
[-] docs/pdds/draft/pdd14_numbers.pod
[-] docs/pdds/draft/pdd16_native_call.pod
[-] docs/pdds/draft/pdd29_compiler_tools.pod
[-] docs/pdds/pdd00_pdd.pod
[-] docs/pdds/pdd03_calling_conventions.pod
[-] docs/pdds/pdd07_codingstd.pod
[-] docs/pdds/pdd09_gc.pod
[-] docs/pdds/pdd10_embedding.pod
[-] docs/pdds/pdd15_objects.pod
[-] docs/pdds/pdd17_pmc.pod
[-] docs/pdds/pdd18_security.pod
[-] docs/pdds/pdd19_pir.pod
[-] docs/pdds/pdd20_lexical_vars.pod
[-] docs/pdds/pdd21_namespaces.pod
[-] docs/pdds/pdd22_io.pod
[-] docs/pdds/pdd23_exceptions.pod
[-] docs/pdds/pdd24_events.pod
[-] docs/pdds/pdd25_concurrency.pod
[-] docs/pdds/pdd26_ast.pod
[-] docs/pdds/pdd27_multiple_dispatch.pod
[-] docs/pdds/pdd28_strings.pod
[-] docs/pdds/pdd30_install.pod
[-] docs/pdds/pdd31_hll.pod
[-] docs/pdds/pdd_template.pod
[X] docs/pmc.pod
[X] docs/pmc/array.pod
[X] docs/pmc/documentation.pod
[X] docs/pmc2c.pod
[X] docs/porting_intro.pod
[X] docs/project/cage_cleaners_guide.pod
[X] docs/project/committer_guide.pod
[X] docs/project/core_inclusion.pod
[X] docs/project/debian_packaging_guide.pod
[X] docs/project/metacommitter_guide.pod
[X] docs/project/release_manager_guide.pod
[X] docs/project/roles_responsibilities.pod
[X] docs/project/support_policy.pod
[X] docs/project/ubuntu_packaging_guide.pod
[X] docs/req/model_users.pod
[X] docs/running.pod
[X] docs/submissions.pod
[X] docs/tests.pod
[X] docs/user/pir/exceptions.pod
[X] docs/user/pir/intro.pod
[X] docs/user/pir/objects.pod
[X] docs/user/pir/pmcs.pod
[X] docs/vtables.pod
[X] editor/README.pod
[X] examples/languages/abc/abc.pir
[X] examples/languages/abc/src/builtins/all.pir
[X] examples/languages/squaak/doc/tutorial_episode_1.pod
[X] examples/languages/squaak/doc/tutorial_episode_2.pod
[X] examples/languages/squaak/doc/tutorial_episode_3.pod
[X] examples/languages/squaak/doc/tutorial_episode_4.pod
[X] examples/languages/squaak/doc/tutorial_episode_5.pod
[X] examples/languages/squaak/doc/tutorial_episode_6.pod
[X] examples/languages/squaak/doc/tutorial_episode_7.pod
[X] examples/languages/squaak/doc/tutorial_episode_8.pod
[X] examples/languages/squaak/doc/tutorial_episode_9.pod
[X] examples/languages/squaak/squaak.pir
[X] examples/languages/squaak/src/squaak.pir
[X] examples/mops/mops.p6
[X] examples/mops/mops.rb
[X] examples/nci/Xlib.pir
[X] examples/nci/Xlibconstants.pir
[X] examples/nci/xlibtest.nqp
[X] examples/nci/xlibtest.p6
[X] examples/nci/xlibtest.pir
[X] examples/past/01-sub.pir
[X] examples/past/four_plus_one.pir
[X] examples/pir/coop_threads.pir
[X] examples/sdl/anim_image.pir
[X] examples/sdl/anim_image_dblbuf.pir
[X] examples/sdl/blue_font.pir
[X] examples/sdl/blue_rect.pir
[X] examples/sdl/blue_rect.pl
[X] examples/sdl/bounce_parrot_logo.pir
[X] examples/sdl/mandel.pir
[X] examples/sdl/minesweeper/eventhandler.pir
[X] examples/sdl/minesweeper/mines.pir
[X] examples/sdl/move_parrot_logo.pir
[X] examples/sdl/raw_pixels.pir
[X] examples/sdl/tetris/app.pir
[X] examples/sdl/tetris/block.pir
[X] examples/sdl/tetris/blockdata.pir
[X] examples/sdl/tetris/blocks.pir
[X] examples/sdl/tetris/board.pir
[X] examples/sdl/tetris/boarddata.pir
[X] examples/sdl/tetris/eventhandler.pir
[X] examples/sdl/tetris/tetris.pir
[X] examples/streams/Bytes.pir
[X] examples/streams/Combiner.pir
[X] examples/streams/Coroutine.pir
[X] examples/streams/FileLines.pir
[X] examples/streams/Filter.pir
[X] examples/streams/Include.pir
[X] examples/streams/Lines.pir
[X] examples/streams/ParrotIO.pir
[X] examples/streams/SubCounter.pir
[X] examples/streams/SubHello.pir
[X] examples/streams/Writer.pir
[X] examples/tge/branch/lib/Branch.pir
[X] examples/tge/branch/lib/Leaf.pir
[X] examples/tutorial/00_README.pod
[X] examples/tutorial/01_temp_var.pir
[X] examples/tutorial/02_local_var.pir
[X] examples/tutorial/03_temp_var_basic_pmcs.pir
[X] examples/tutorial/04_pod_comments.pir
[X] examples/tutorial/10_math_ops.pir
[X] examples/tutorial/11_math_ops_self_mod.pir
[X] examples/tutorial/12_math_ops_pasm.pir
[X] examples/tutorial/13_logical_ops.pir
[X] examples/tutorial/20_string_ops.pir
[X] examples/tutorial/21_string_ops_repeat.pir
[X] examples/tutorial/22_string_ops_length.pir
[X] examples/tutorial/23_string_ops_substr.pir
[X] examples/tutorial/24_string_ops_clone.pir
[X] examples/tutorial/30_arrays_basic.pir
[X] examples/tutorial/31_array_ops_split.pir
[X] examples/tutorial/32_array_ops_sprintf.pir
[X] examples/tutorial/33_hashes.pir
[X] examples/tutorial/34_multikey.pir
[X] examples/tutorial/40_file_ops.pir
[X] examples/tutorial/50_goto.pir
[X] examples/tutorial/51_if_unless.pir
[X] examples/tutorial/52_if_compare.pir
[X] examples/tutorial/53_loop.pir
[X] examples/tutorial/55_iterator.pir
[X] examples/tutorial/56_defined.pir
[X] examples/tutorial/57_exists.pir
[X] examples/tutorial/60_subroutines.pir
[X] examples/tutorial/61_namespaces.pir
[X] examples/tutorial/62_namespaces.pir
[X] examples/tutorial/70_class_object.pir
[X] examples/tutorial/81_continuation.pir
[X] examples/tutorial/82_coroutine.pir
[X] examples/tutorial/83_external_libraries.pir
[X] examples/tutorial/90_writing_tests.pir
[X] runtime/parrot/include/green_threads.pir
[X] runtime/parrot/include/hllmacros.pir
[X] runtime/parrot/include/test_more.pir
[X] runtime/parrot/languages/parrot/parrot.pir
[X] runtime/parrot/library/CGI/QueryHash.pir
[X] runtime/parrot/library/Config/JSON.pir
[X] runtime/parrot/library/HTTP/Daemon.pir
[X] runtime/parrot/library/HTTP/Message.pir
[X] runtime/parrot/library/JSON.pir
[X] runtime/parrot/library/LWP/Protocol.pir
[X] runtime/parrot/library/LWP/UserAgent.pir
[X] runtime/parrot/library/PGE/Dumper.pir
[X] runtime/parrot/library/Range.pir
[X] runtime/parrot/library/Stream/Writer.pir
[X] runtime/parrot/library/String/Utils.pir
[X] runtime/parrot/library/TAP/Formatter.pir
[X] runtime/parrot/library/TAP/Harness.pir
[X] runtime/parrot/library/TAP/Parser.pir
[X] runtime/parrot/library/Test/Builder/Test.pir
[X] runtime/parrot/library/URI.pir
[X] runtime/parrot/library/distutils.pir
[X] runtime/parrot/library/dumper.pir
[X] runtime/parrot/library/parrotlib.pir
[X] src/alarm.c
[X] src/dynpmc/README.pod
[X] src/gc/gc_ms2.c
[X] src/platform/generic/socket.c
[X] src/pmc/callback.pmc
[X] src/pointer_array.c
[X] src/runcore/subprof.c
[X] t/TESTS_STATUS.pod
[X] t/codingstd/pccmethod_deps.t
[X] t/dynoplibs/time.t
[X] t/harness
[X] t/op/time.t
[X] t/pmc/opcode.t
[X] t/pmc/oplib.t
[X] t/pmc/task_primes.t
[X] tools/dev/merge_pull_request.pl
[X] tools/release/cut.pl'

----------
[*] A '[X]' denotes a corrected file. That is, a file which, now, contains
a DESCRIPTION element. And a [-] denotes a file which is no longer be included
in the 't/codingstd/pod_description.t' test and, consequently, does not need
any editing. 
